<?xml version="1.0" encoding="UTF-8"?>
<!-- Generated by org.testng.reporters.JUnitXMLReporter -->
<testsuite ignored="1" hostname="DESKTOP-90P13E2" failures="0" tests="3" name="Regression" time="0.121" errors="0" timestamp="2025-07-09T00:00:18 IST">
  <testcase classname="Testng.Day1" name="Demo" time="0.019"/>
  <testcase classname="Testng.Day1" name="testing" time="0.004"/>
  <testcase classname="Testng.Day2" name="planninf" time="0.007"/>
  <testcase classname="Testng.Day2" name="plan" time="0.0">
    <ignored/>
  </testcase> <!-- plan -->
</testsuite> <!-- Regression -->
