<?xml version="1.0" encoding="UTF-8"?>
<testng-results ignored="0" total="2" passed="2" failed="0" skipped="0">
  <reporter-output>
  </reporter-output>
  <suite started-at="2025-11-15T23:31:32 IST" name="Default suite" finished-at="2025-11-15T23:31:32 IST" duration-ms="144">
    <groups>
      <group name="Smoke">
        <method signature="Day2.planninf()[pri:0, instance:Testng.Day2@351d00c0]" name="planninf" class="Testng.Day2"/>
      </group> <!-- Smoke -->
    </groups>
    <test started-at="2025-11-15T23:31:32 IST" name="Default test" finished-at="2025-11-15T23:31:32 IST" duration-ms="144">
      <class name="Testng.Day2">
        <test-method is-config="true" signature="prerequisite()[pri:0, instance:Testng.Day2@351d00c0]" started-at="2025-11-15T23:31:32 IST" name="prerequisite" finished-at="2025-11-15T23:31:32 IST" duration-ms="17" status="PASS">
          <reporter-output>
          </reporter-output>
        </test-method> <!-- prerequisite -->
        <test-method is-config="true" signature="bfMethod()[pri:0, instance:Testng.Day2@351d00c0]" started-at="2025-11-15T23:31:32 IST" name="bfMethod" finished-at="2025-11-15T23:31:32 IST" duration-ms="1" status="PASS">
          <reporter-output>
          </reporter-output>
        </test-method> <!-- bfMethod -->
        <test-method signature="plan()[pri:0, instance:Testng.Day2@351d00c0]" started-at="2025-11-15T23:31:32 IST" name="plan" finished-at="2025-11-15T23:31:32 IST" duration-ms="18" status="PASS">
          <reporter-output>
          </reporter-output>
        </test-method> <!-- plan -->
        <test-method is-config="true" signature="afMethod()[pri:0, instance:Testng.Day2@351d00c0]" started-at="2025-11-15T23:31:32 IST" name="afMethod" finished-at="2025-11-15T23:31:32 IST" duration-ms="2" status="PASS">
          <reporter-output>
          </reporter-output>
        </test-method> <!-- afMethod -->
        <test-method is-config="true" signature="bfMethod()[pri:0, instance:Testng.Day2@351d00c0]" started-at="2025-11-15T23:31:32 IST" name="bfMethod" finished-at="2025-11-15T23:31:32 IST" duration-ms="0" status="PASS">
          <reporter-output>
          </reporter-output>
        </test-method> <!-- bfMethod -->
        <test-method signature="planninf()[pri:0, instance:Testng.Day2@351d00c0]" started-at="2025-11-15T23:31:32 IST" name="planninf" finished-at="2025-11-15T23:31:32 IST" duration-ms="4" status="PASS">
          <reporter-output>
          </reporter-output>
        </test-method> <!-- planninf -->
        <test-method is-config="true" signature="afMethod()[pri:0, instance:Testng.Day2@351d00c0]" started-at="2025-11-15T23:31:32 IST" name="afMethod" finished-at="2025-11-15T23:31:32 IST" duration-ms="1" status="PASS">
          <reporter-output>
          </reporter-output>
        </test-method> <!-- afMethod -->
        <test-method is-config="true" signature="AfSuite()[pri:0, instance:Testng.Day2@351d00c0]" started-at="2025-11-15T23:31:33 IST" name="AfSuite" finished-at="2025-11-15T23:31:33 IST" duration-ms="2" status="PASS">
          <reporter-output>
          </reporter-output>
        </test-method> <!-- AfSuite -->
      </class> <!-- Testng.Day2 -->
    </test> <!-- Default test -->
  </suite> <!-- Default suite -->
</testng-results>
